2013-07-21 19:58:22,782 [DefaultPluginScheduler_Worker-1] ERROR StackTrace  - Full Stack Trace:
org.quartz.JobExecutionException: groovy.lang.MissingPropertyException: No such property: email for class: com.target.OfferSlurper
Possible solutions: email, all [See nested exception: groovy.lang.MissingPropertyException: No such property: email for class: com.target.OfferSlurper
Possible solutions: email, all]
	at grails.plugin.quartz2.GrailsArtefactJob.execute(GrailsArtefactJob.java:66)
	at org.quartz.core.JobRunShell.run(JobRunShell.java:213)
	at org.quartz.simpl.SimpleThreadPool$WorkerThread.run(SimpleThreadPool.java:557)
Caused by: groovy.lang.MissingPropertyException: No such property: email for class: com.target.OfferSlurper
Possible solutions: email, all
	at groovy.lang.MetaClassImpl.invokeStaticMissingProperty(MetaClassImpl.java:897)
	at groovy.lang.MetaClassImpl.getProperty(MetaClassImpl.java:1613)
	at groovy.lang.ExpandoMetaClass.getProperty(ExpandoMetaClass.java:1136)
	at groovy.lang.MetaClassImpl.getProperty(MetaClassImpl.java:1589)
	at groovy.lang.ExpandoMetaClass.getProperty(ExpandoMetaClass.java:1136)
	at groovy.lang.MetaClassImpl.getProperty(MetaClassImpl.java:3343)
	at groovy.lang.ExpandoMetaClass.getProperty(ExpandoMetaClass.java:1148)
	at org.codehaus.groovy.runtime.callsite.ClassMetaClassGetPropertySite.getProperty(ClassMetaClassGetPropertySite.java:48)
	at org.codehaus.groovy.runtime.callsite.AbstractCallSite.callGetProperty(AbstractCallSite.java:227)
	at com.target.SendOfferEmailJob$_execute_closure1.doCall(SendOfferEmailJob.groovy:14)
	at sun.reflect.NativeMethodAccessorImpl.invoke0(Native Method)
	at sun.reflect.NativeMethodAccessorImpl.invoke(NativeMethodAccessorImpl.java:39)
	at sun.reflect.DelegatingMethodAccessorImpl.invoke(DelegatingMethodAccessorImpl.java:25)
	at java.lang.reflect.Method.invoke(Method.java:597)
	at org.springsource.loaded.ri.ReflectiveInterceptor.jlrMethodInvoke(ReflectiveInterceptor.java:1259)
	at org.codehaus.groovy.reflection.CachedMethod.invoke(CachedMethod.java:90)
	at groovy.lang.MetaMethod.doMethodInvoke(MetaMethod.java:233)
	at groovy.lang.MetaClassImpl.invokeMethod(MetaClassImpl.java:1082)
	at groovy.lang.ExpandoMetaClass.invokeMethod(ExpandoMetaClass.java:1106)
	at groovy.lang.MetaClassImpl.invokeMethod(MetaClassImpl.java:906)
	at groovy.lang.Closure.call(Closure.java:412)
	at com.target.SendOfferEmailJob$_execute_closure1.call(SendOfferEmailJob.groovy)
	at groovy.lang.Closure.call(Closure.java:425)
	at com.target.SendOfferEmailJob$_execute_closure1.call(SendOfferEmailJob.groovy)
	at org.codehaus.groovy.runtime.DefaultGroovyMethods.each(DefaultGroovyMethods.java:1326)
	at org.codehaus.groovy.runtime.DefaultGroovyMethods.each(DefaultGroovyMethods.java:1298)
	at org.codehaus.groovy.runtime.dgm$148.invoke(Unknown Source)
	at org.codehaus.groovy.runtime.callsite.StaticMetaMethodSite$StaticMetaMethodSiteNoUnwrapNoCoerce.invoke(StaticMetaMethodSite.java:148)
	at org.codehaus.groovy.runtime.callsite.StaticMetaMethodSite.call(StaticMetaMethodSite.java:88)
	at org.codehaus.groovy.runtime.callsite.CallSiteArray.defaultCall(CallSiteArray.java:45)
	at org.codehaus.groovy.runtime.callsite.AbstractCallSite.call(AbstractCallSite.java:108)
	at org.codehaus.groovy.runtime.callsite.AbstractCallSite.call(AbstractCallSite.java:116)
	at com.target.SendOfferEmailJob.execute(SendOfferEmailJob.groovy:13)
	at sun.reflect.NativeMethodAccessorImpl.invoke0(Native Method)
	at sun.reflect.NativeMethodAccessorImpl.invoke(NativeMethodAccessorImpl.java:39)
	at sun.reflect.DelegatingMethodAccessorImpl.invoke(DelegatingMethodAccessorImpl.java:25)
	at java.lang.reflect.Method.invoke(Method.java:597)
	at org.springsource.loaded.ri.ReflectiveInterceptor.jlrMethodInvoke(ReflectiveInterceptor.java:1259)
	at grails.plugin.quartz2.GrailsArtefactJob.execute(GrailsArtefactJob.java:59)
	... 2 more
2013-07-21 19:58:22,851 [DefaultPluginScheduler_Worker-1] ERROR StackTrace  - Full Stack Trace:
groovy.lang.MissingPropertyException: No such property: email for class: com.target.OfferSlurper
Possible solutions: email, all
	at groovy.lang.MetaClassImpl.invokeStaticMissingProperty(MetaClassImpl.java:897)
	at groovy.lang.MetaClassImpl.getProperty(MetaClassImpl.java:1613)
	at groovy.lang.ExpandoMetaClass.getProperty(ExpandoMetaClass.java:1136)
	at groovy.lang.MetaClassImpl.getProperty(MetaClassImpl.java:1589)
	at groovy.lang.ExpandoMetaClass.getProperty(ExpandoMetaClass.java:1136)
	at groovy.lang.MetaClassImpl.getProperty(MetaClassImpl.java:3343)
	at groovy.lang.ExpandoMetaClass.getProperty(ExpandoMetaClass.java:1148)
	at org.codehaus.groovy.runtime.callsite.ClassMetaClassGetPropertySite.getProperty(ClassMetaClassGetPropertySite.java:48)
	at org.codehaus.groovy.runtime.callsite.AbstractCallSite.callGetProperty(AbstractCallSite.java:227)
	at com.target.SendOfferEmailJob$_execute_closure1.doCall(SendOfferEmailJob.groovy:14)
	at sun.reflect.NativeMethodAccessorImpl.invoke0(Native Method)
	at sun.reflect.NativeMethodAccessorImpl.invoke(NativeMethodAccessorImpl.java:39)
	at sun.reflect.DelegatingMethodAccessorImpl.invoke(DelegatingMethodAccessorImpl.java:25)
	at java.lang.reflect.Method.invoke(Method.java:597)
	at org.springsource.loaded.ri.ReflectiveInterceptor.jlrMethodInvoke(ReflectiveInterceptor.java:1259)
	at org.codehaus.groovy.reflection.CachedMethod.invoke(CachedMethod.java:90)
	at groovy.lang.MetaMethod.doMethodInvoke(MetaMethod.java:233)
	at groovy.lang.MetaClassImpl.invokeMethod(MetaClassImpl.java:1082)
	at groovy.lang.ExpandoMetaClass.invokeMethod(ExpandoMetaClass.java:1106)
	at groovy.lang.MetaClassImpl.invokeMethod(MetaClassImpl.java:906)
	at groovy.lang.Closure.call(Closure.java:412)
	at com.target.SendOfferEmailJob$_execute_closure1.call(SendOfferEmailJob.groovy)
	at groovy.lang.Closure.call(Closure.java:425)
	at com.target.SendOfferEmailJob$_execute_closure1.call(SendOfferEmailJob.groovy)
	at org.codehaus.groovy.runtime.DefaultGroovyMethods.each(DefaultGroovyMethods.java:1326)
	at org.codehaus.groovy.runtime.DefaultGroovyMethods.each(DefaultGroovyMethods.java:1298)
	at org.codehaus.groovy.runtime.dgm$148.invoke(Unknown Source)
	at org.codehaus.groovy.runtime.callsite.StaticMetaMethodSite$StaticMetaMethodSiteNoUnwrapNoCoerce.invoke(StaticMetaMethodSite.java:148)
	at org.codehaus.groovy.runtime.callsite.StaticMetaMethodSite.call(StaticMetaMethodSite.java:88)
	at org.codehaus.groovy.runtime.callsite.CallSiteArray.defaultCall(CallSiteArray.java:45)
	at org.codehaus.groovy.runtime.callsite.AbstractCallSite.call(AbstractCallSite.java:108)
	at org.codehaus.groovy.runtime.callsite.AbstractCallSite.call(AbstractCallSite.java:116)
	at com.target.SendOfferEmailJob.execute(SendOfferEmailJob.groovy:13)
	at sun.reflect.NativeMethodAccessorImpl.invoke0(Native Method)
	at sun.reflect.NativeMethodAccessorImpl.invoke(NativeMethodAccessorImpl.java:39)
	at sun.reflect.DelegatingMethodAccessorImpl.invoke(DelegatingMethodAccessorImpl.java:25)
	at java.lang.reflect.Method.invoke(Method.java:597)
	at org.springsource.loaded.ri.ReflectiveInterceptor.jlrMethodInvoke(ReflectiveInterceptor.java:1259)
	at grails.plugin.quartz2.GrailsArtefactJob.execute(GrailsArtefactJob.java:59)
	at org.quartz.core.JobRunShell.run(JobRunShell.java:213)
	at org.quartz.simpl.SimpleThreadPool$WorkerThread.run(SimpleThreadPool.java:557)
2013-07-21 19:58:22,853 [DefaultPluginScheduler_Worker-1] ERROR StackTrace  - Full Stack Trace:
org.quartz.JobExecutionException: groovy.lang.MissingPropertyException: No such property: email for class: com.target.OfferSlurper
Possible solutions: email, all [See nested exception: groovy.lang.MissingPropertyException: No such property: email for class: com.target.OfferSlurper
Possible solutions: email, all]
	at grails.plugin.quartz2.GrailsArtefactJob.execute(GrailsArtefactJob.java:66)
	at org.quartz.core.JobRunShell.run(JobRunShell.java:213)
	at org.quartz.simpl.SimpleThreadPool$WorkerThread.run(SimpleThreadPool.java:557)
Caused by: groovy.lang.MissingPropertyException: No such property: email for class: com.target.OfferSlurper
Possible solutions: email, all
	at com.target.SendOfferEmailJob$_execute_closure1.doCall(SendOfferEmailJob.groovy:14)
	at com.target.SendOfferEmailJob.execute(SendOfferEmailJob.groovy:13)
	at grails.plugin.quartz2.GrailsArtefactJob.execute(GrailsArtefactJob.java:59)
	... 2 more
2013-07-21 19:58:22,856 [DefaultPluginScheduler_Worker-1] ERROR StackTrace  - Full Stack Trace:
org.quartz.JobExecutionException: groovy.lang.MissingPropertyException: No such property: email for class: com.target.OfferSlurper
Possible solutions: email, all [See nested exception: groovy.lang.MissingPropertyException: No such property: email for class: com.target.OfferSlurper
Possible solutions: email, all]
	at grails.plugin.quartz2.GrailsArtefactJob.execute(GrailsArtefactJob.java:66)
	at org.quartz.core.JobRunShell.run(JobRunShell.java:213)
	at org.quartz.simpl.SimpleThreadPool$WorkerThread.run(SimpleThreadPool.java:557)
Caused by: groovy.lang.MissingPropertyException: No such property: email for class: com.target.OfferSlurper
Possible solutions: email, all
	at com.target.SendOfferEmailJob$_execute_closure1.doCall(SendOfferEmailJob.groovy:14)
	at com.target.SendOfferEmailJob.execute(SendOfferEmailJob.groovy:13)
	at grails.plugin.quartz2.GrailsArtefactJob.execute(GrailsArtefactJob.java:59)
	... 2 more
2013-07-21 19:58:22,857 [DefaultPluginScheduler_Worker-1] ERROR StackTrace  - Full Stack Trace:
groovy.lang.MissingPropertyException: No such property: email for class: com.target.OfferSlurper
Possible solutions: email, all
	at com.target.SendOfferEmailJob$_execute_closure1.doCall(SendOfferEmailJob.groovy:14)
	at com.target.SendOfferEmailJob.execute(SendOfferEmailJob.groovy:13)
	at grails.plugin.quartz2.GrailsArtefactJob.execute(GrailsArtefactJob.java:59)
	at org.quartz.core.JobRunShell.run(JobRunShell.java:213)
	at org.quartz.simpl.SimpleThreadPool$WorkerThread.run(SimpleThreadPool.java:557)
2013-07-21 19:58:22,942 [DefaultPluginScheduler_Worker-1] ERROR StackTrace  - Full Stack Trace:
org.quartz.JobExecutionException: groovy.lang.MissingPropertyException: No such property: email for class: com.target.OfferSlurper
Possible solutions: email, all [See nested exception: groovy.lang.MissingPropertyException: No such property: email for class: com.target.OfferSlurper
Possible solutions: email, all]
	at grails.plugin.quartz2.GrailsArtefactJob.execute(GrailsArtefactJob.java:66)
	at org.quartz.core.JobRunShell.run(JobRunShell.java:213)
	at org.quartz.simpl.SimpleThreadPool$WorkerThread.run(SimpleThreadPool.java:557)
Caused by: groovy.lang.MissingPropertyException: No such property: email for class: com.target.OfferSlurper
Possible solutions: email, all
	at com.target.SendOfferEmailJob$_execute_closure1.doCall(SendOfferEmailJob.groovy:14)
	at com.target.SendOfferEmailJob.execute(SendOfferEmailJob.groovy:13)
	at grails.plugin.quartz2.GrailsArtefactJob.execute(GrailsArtefactJob.java:59)
	... 2 more
2013-07-21 20:01:12,088 [DefaultPluginScheduler_Worker-2] ERROR StackTrace  - Full Stack Trace:
org.quartz.JobExecutionException: groovy.lang.MissingPropertyException: No such property: email for class: com.target.OfferSlurper
Possible solutions: email, all [See nested exception: groovy.lang.MissingPropertyException: No such property: email for class: com.target.OfferSlurper
Possible solutions: email, all]
	at grails.plugin.quartz2.GrailsArtefactJob.execute(GrailsArtefactJob.java:66)
	at org.quartz.core.JobRunShell.run(JobRunShell.java:213)
	at org.quartz.simpl.SimpleThreadPool$WorkerThread.run(SimpleThreadPool.java:557)
Caused by: groovy.lang.MissingPropertyException: No such property: email for class: com.target.OfferSlurper
Possible solutions: email, all
	at groovy.lang.MetaClassImpl.invokeStaticMissingProperty(MetaClassImpl.java:897)
	at groovy.lang.MetaClassImpl.getProperty(MetaClassImpl.java:1613)
	at groovy.lang.ExpandoMetaClass.getProperty(ExpandoMetaClass.java:1136)
	at groovy.lang.MetaClassImpl.getProperty(MetaClassImpl.java:1589)
	at groovy.lang.ExpandoMetaClass.getProperty(ExpandoMetaClass.java:1136)
	at groovy.lang.MetaClassImpl.getProperty(MetaClassImpl.java:3343)
	at groovy.lang.ExpandoMetaClass.getProperty(ExpandoMetaClass.java:1148)
	at org.codehaus.groovy.runtime.callsite.ClassMetaClassGetPropertySite.getProperty(ClassMetaClassGetPropertySite.java:48)
	at org.codehaus.groovy.runtime.callsite.AbstractCallSite.callGetProperty(AbstractCallSite.java:227)
	at com.target.SendOfferEmailJob$_execute_closure1$$EOCHIZCp.doCall(SendOfferEmailJob.groovy:14)
	at sun.reflect.NativeMethodAccessorImpl.invoke0(Native Method)
	at sun.reflect.NativeMethodAccessorImpl.invoke(NativeMethodAccessorImpl.java:39)
	at sun.reflect.DelegatingMethodAccessorImpl.invoke(DelegatingMethodAccessorImpl.java:25)
	at java.lang.reflect.Method.invoke(Method.java:597)
	at org.springsource.loaded.ri.ReloadedTypeInvoker$2.invoke(ReloadedTypeInvoker.java:122)
	at org.springsource.loaded.ri.ReflectiveInterceptor.jlrMethodInvoke(ReflectiveInterceptor.java:1288)
	at org.codehaus.groovy.reflection.CachedMethod.invoke(CachedMethod.java:90)
	at groovy.lang.MetaMethod.doMethodInvoke(MetaMethod.java:233)
	at groovy.lang.MetaClassImpl.invokeMethod(MetaClassImpl.java:1082)
	at groovy.lang.ExpandoMetaClass.invokeMethod(ExpandoMetaClass.java:1106)
	at groovy.lang.MetaClassImpl.invokeMethod(MetaClassImpl.java:906)
	at groovy.lang.Closure.call(Closure.java:412)
	at com.target.SendOfferEmailJob$_execute_closure1.call(SendOfferEmailJob.groovy)
	at groovy.lang.Closure.call(Closure.java:425)
	at com.target.SendOfferEmailJob$_execute_closure1.call(SendOfferEmailJob.groovy)
	at org.codehaus.groovy.runtime.DefaultGroovyMethods.each(DefaultGroovyMethods.java:1326)
	at org.codehaus.groovy.runtime.DefaultGroovyMethods.each(DefaultGroovyMethods.java:1298)
	at org.codehaus.groovy.runtime.dgm$148.invoke(Unknown Source)
	at org.codehaus.groovy.runtime.callsite.StaticMetaMethodSite$StaticMetaMethodSiteNoUnwrapNoCoerce.invoke(StaticMetaMethodSite.java:148)
	at org.codehaus.groovy.runtime.callsite.StaticMetaMethodSite.call(StaticMetaMethodSite.java:88)
	at org.codehaus.groovy.runtime.callsite.CallSiteArray.defaultCall(CallSiteArray.java:45)
	at org.codehaus.groovy.runtime.callsite.AbstractCallSite.call(AbstractCallSite.java:108)
	at org.codehaus.groovy.runtime.callsite.AbstractCallSite.call(AbstractCallSite.java:116)
	at com.target.SendOfferEmailJob$$EOCHIZCo.execute(SendOfferEmailJob.groovy:13)
	at sun.reflect.NativeMethodAccessorImpl.invoke0(Native Method)
	at sun.reflect.NativeMethodAccessorImpl.invoke(NativeMethodAccessorImpl.java:39)
	at sun.reflect.DelegatingMethodAccessorImpl.invoke(DelegatingMethodAccessorImpl.java:25)
	at java.lang.reflect.Method.invoke(Method.java:597)
	at org.springsource.loaded.ri.ReloadedTypeInvoker$2.invoke(ReloadedTypeInvoker.java:122)
	at org.springsource.loaded.ri.ReflectiveInterceptor.jlrMethodInvoke(ReflectiveInterceptor.java:1288)
	at grails.plugin.quartz2.GrailsArtefactJob.execute(GrailsArtefactJob.java:59)
	... 2 more
2013-07-21 20:01:12,090 [DefaultPluginScheduler_Worker-2] ERROR StackTrace  - Full Stack Trace:
groovy.lang.MissingPropertyException: No such property: email for class: com.target.OfferSlurper
Possible solutions: email, all
	at groovy.lang.MetaClassImpl.invokeStaticMissingProperty(MetaClassImpl.java:897)
	at groovy.lang.MetaClassImpl.getProperty(MetaClassImpl.java:1613)
	at groovy.lang.ExpandoMetaClass.getProperty(ExpandoMetaClass.java:1136)
	at groovy.lang.MetaClassImpl.getProperty(MetaClassImpl.java:1589)
	at groovy.lang.ExpandoMetaClass.getProperty(ExpandoMetaClass.java:1136)
	at groovy.lang.MetaClassImpl.getProperty(MetaClassImpl.java:3343)
	at groovy.lang.ExpandoMetaClass.getProperty(ExpandoMetaClass.java:1148)
	at org.codehaus.groovy.runtime.callsite.ClassMetaClassGetPropertySite.getProperty(ClassMetaClassGetPropertySite.java:48)
	at org.codehaus.groovy.runtime.callsite.AbstractCallSite.callGetProperty(AbstractCallSite.java:227)
	at com.target.SendOfferEmailJob$_execute_closure1$$EOCHIZCp.doCall(SendOfferEmailJob.groovy:14)
	at sun.reflect.NativeMethodAccessorImpl.invoke0(Native Method)
	at sun.reflect.NativeMethodAccessorImpl.invoke(NativeMethodAccessorImpl.java:39)
	at sun.reflect.DelegatingMethodAccessorImpl.invoke(DelegatingMethodAccessorImpl.java:25)
	at java.lang.reflect.Method.invoke(Method.java:597)
	at org.springsource.loaded.ri.ReloadedTypeInvoker$2.invoke(ReloadedTypeInvoker.java:122)
	at org.springsource.loaded.ri.ReflectiveInterceptor.jlrMethodInvoke(ReflectiveInterceptor.java:1288)
	at org.codehaus.groovy.reflection.CachedMethod.invoke(CachedMethod.java:90)
	at groovy.lang.MetaMethod.doMethodInvoke(MetaMethod.java:233)
	at groovy.lang.MetaClassImpl.invokeMethod(MetaClassImpl.java:1082)
	at groovy.lang.ExpandoMetaClass.invokeMethod(ExpandoMetaClass.java:1106)
	at groovy.lang.MetaClassImpl.invokeMethod(MetaClassImpl.java:906)
	at groovy.lang.Closure.call(Closure.java:412)
	at com.target.SendOfferEmailJob$_execute_closure1.call(SendOfferEmailJob.groovy)
	at groovy.lang.Closure.call(Closure.java:425)
	at com.target.SendOfferEmailJob$_execute_closure1.call(SendOfferEmailJob.groovy)
	at org.codehaus.groovy.runtime.DefaultGroovyMethods.each(DefaultGroovyMethods.java:1326)
	at org.codehaus.groovy.runtime.DefaultGroovyMethods.each(DefaultGroovyMethods.java:1298)
	at org.codehaus.groovy.runtime.dgm$148.invoke(Unknown Source)
	at org.codehaus.groovy.runtime.callsite.StaticMetaMethodSite$StaticMetaMethodSiteNoUnwrapNoCoerce.invoke(StaticMetaMethodSite.java:148)
	at org.codehaus.groovy.runtime.callsite.StaticMetaMethodSite.call(StaticMetaMethodSite.java:88)
	at org.codehaus.groovy.runtime.callsite.CallSiteArray.defaultCall(CallSiteArray.java:45)
	at org.codehaus.groovy.runtime.callsite.AbstractCallSite.call(AbstractCallSite.java:108)
	at org.codehaus.groovy.runtime.callsite.AbstractCallSite.call(AbstractCallSite.java:116)
	at com.target.SendOfferEmailJob$$EOCHIZCo.execute(SendOfferEmailJob.groovy:13)
	at sun.reflect.NativeMethodAccessorImpl.invoke0(Native Method)
	at sun.reflect.NativeMethodAccessorImpl.invoke(NativeMethodAccessorImpl.java:39)
	at sun.reflect.DelegatingMethodAccessorImpl.invoke(DelegatingMethodAccessorImpl.java:25)
	at java.lang.reflect.Method.invoke(Method.java:597)
	at org.springsource.loaded.ri.ReloadedTypeInvoker$2.invoke(ReloadedTypeInvoker.java:122)
	at org.springsource.loaded.ri.ReflectiveInterceptor.jlrMethodInvoke(ReflectiveInterceptor.java:1288)
	at grails.plugin.quartz2.GrailsArtefactJob.execute(GrailsArtefactJob.java:59)
	at org.quartz.core.JobRunShell.run(JobRunShell.java:213)
	at org.quartz.simpl.SimpleThreadPool$WorkerThread.run(SimpleThreadPool.java:557)
2013-07-21 20:01:12,090 [DefaultPluginScheduler_Worker-2] ERROR StackTrace  - Full Stack Trace:
org.quartz.JobExecutionException: groovy.lang.MissingPropertyException: No such property: email for class: com.target.OfferSlurper
Possible solutions: email, all [See nested exception: groovy.lang.MissingPropertyException: No such property: email for class: com.target.OfferSlurper
Possible solutions: email, all]
	at grails.plugin.quartz2.GrailsArtefactJob.execute(GrailsArtefactJob.java:66)
	at org.quartz.core.JobRunShell.run(JobRunShell.java:213)
	at org.quartz.simpl.SimpleThreadPool$WorkerThread.run(SimpleThreadPool.java:557)
Caused by: groovy.lang.MissingPropertyException: No such property: email for class: com.target.OfferSlurper
Possible solutions: email, all
	at com.target.SendOfferEmailJob$_execute_closure1$$EOCHIZCp.doCall(SendOfferEmailJob.groovy:14)
	at com.target.SendOfferEmailJob$$EOCHIZCo.execute(SendOfferEmailJob.groovy:13)
	at grails.plugin.quartz2.GrailsArtefactJob.execute(GrailsArtefactJob.java:59)
	... 2 more
2013-07-21 20:01:12,091 [DefaultPluginScheduler_Worker-2] ERROR StackTrace  - Full Stack Trace:
org.quartz.JobExecutionException: groovy.lang.MissingPropertyException: No such property: email for class: com.target.OfferSlurper
Possible solutions: email, all [See nested exception: groovy.lang.MissingPropertyException: No such property: email for class: com.target.OfferSlurper
Possible solutions: email, all]
	at grails.plugin.quartz2.GrailsArtefactJob.execute(GrailsArtefactJob.java:66)
	at org.quartz.core.JobRunShell.run(JobRunShell.java:213)
	at org.quartz.simpl.SimpleThreadPool$WorkerThread.run(SimpleThreadPool.java:557)
Caused by: groovy.lang.MissingPropertyException: No such property: email for class: com.target.OfferSlurper
Possible solutions: email, all
	at com.target.SendOfferEmailJob$_execute_closure1$$EOCHIZCp.doCall(SendOfferEmailJob.groovy:14)
	at com.target.SendOfferEmailJob$$EOCHIZCo.execute(SendOfferEmailJob.groovy:13)
	at grails.plugin.quartz2.GrailsArtefactJob.execute(GrailsArtefactJob.java:59)
	... 2 more
2013-07-21 20:01:12,092 [DefaultPluginScheduler_Worker-2] ERROR StackTrace  - Full Stack Trace:
groovy.lang.MissingPropertyException: No such property: email for class: com.target.OfferSlurper
Possible solutions: email, all
	at com.target.SendOfferEmailJob$_execute_closure1$$EOCHIZCp.doCall(SendOfferEmailJob.groovy:14)
	at com.target.SendOfferEmailJob$$EOCHIZCo.execute(SendOfferEmailJob.groovy:13)
	at grails.plugin.quartz2.GrailsArtefactJob.execute(GrailsArtefactJob.java:59)
	at org.quartz.core.JobRunShell.run(JobRunShell.java:213)
	at org.quartz.simpl.SimpleThreadPool$WorkerThread.run(SimpleThreadPool.java:557)
2013-07-21 20:01:12,092 [DefaultPluginScheduler_Worker-2] ERROR StackTrace  - Full Stack Trace:
org.quartz.JobExecutionException: groovy.lang.MissingPropertyException: No such property: email for class: com.target.OfferSlurper
Possible solutions: email, all [See nested exception: groovy.lang.MissingPropertyException: No such property: email for class: com.target.OfferSlurper
Possible solutions: email, all]
	at grails.plugin.quartz2.GrailsArtefactJob.execute(GrailsArtefactJob.java:66)
	at org.quartz.core.JobRunShell.run(JobRunShell.java:213)
	at org.quartz.simpl.SimpleThreadPool$WorkerThread.run(SimpleThreadPool.java:557)
Caused by: groovy.lang.MissingPropertyException: No such property: email for class: com.target.OfferSlurper
Possible solutions: email, all
	at com.target.SendOfferEmailJob$_execute_closure1$$EOCHIZCp.doCall(SendOfferEmailJob.groovy:14)
	at com.target.SendOfferEmailJob$$EOCHIZCo.execute(SendOfferEmailJob.groovy:13)
	at grails.plugin.quartz2.GrailsArtefactJob.execute(GrailsArtefactJob.java:59)
	... 2 more
2013-07-21 20:02:02,109 [DefaultPluginScheduler_Worker-3] ERROR StackTrace  - Full Stack Trace:
org.quartz.JobExecutionException: groovy.lang.MissingMethodException: No signature of method: com.target.OfferSlurper.getEmail() is applicable for argument types: () values: []
Possible solutions: getEmail(), setEmail(java.lang.String), getAll(), getAll(java.util.List), getAll([Ljava.lang.Long;), getClass() [See nested exception: groovy.lang.MissingMethodException: No signature of method: com.target.OfferSlurper.getEmail() is applicable for argument types: () values: []
Possible solutions: getEmail(), setEmail(java.lang.String), getAll(), getAll(java.util.List), getAll([Ljava.lang.Long;), getClass()]
	at grails.plugin.quartz2.GrailsArtefactJob.execute(GrailsArtefactJob.java:66)
	at org.quartz.core.JobRunShell.run(JobRunShell.java:213)
	at org.quartz.simpl.SimpleThreadPool$WorkerThread.run(SimpleThreadPool.java:557)
Caused by: groovy.lang.MissingMethodException: No signature of method: com.target.OfferSlurper.getEmail() is applicable for argument types: () values: []
Possible solutions: getEmail(), setEmail(java.lang.String), getAll(), getAll(java.util.List), getAll([Ljava.lang.Long;), getClass()
	at sun.reflect.NativeConstructorAccessorImpl.newInstance0(Native Method)
	at sun.reflect.NativeConstructorAccessorImpl.newInstance(NativeConstructorAccessorImpl.java:39)
	at sun.reflect.DelegatingConstructorAccessorImpl.newInstance(DelegatingConstructorAccessorImpl.java:27)
	at java.lang.reflect.Constructor.newInstance(Constructor.java:513)
	at org.springsource.loaded.ri.ReflectiveInterceptor.jlrConstructorNewInstance(ReflectiveInterceptor.java:991)
	at org.codehaus.groovy.reflection.CachedConstructor.invoke(CachedConstructor.java:77)
	at org.codehaus.groovy.runtime.callsite.ConstructorSite$ConstructorSiteNoUnwrapNoCoerce.callConstructor(ConstructorSite.java:102)
	at org.codehaus.groovy.runtime.callsite.CallSiteArray.defaultCallConstructor(CallSiteArray.java:57)
	at org.codehaus.groovy.runtime.callsite.AbstractCallSite.callConstructor(AbstractCallSite.java:182)
	at org.codehaus.groovy.runtime.callsite.AbstractCallSite.callConstructor(AbstractCallSite.java:198)
	at org.grails.datastore.gorm.GormStaticApi.methodMissing(GormStaticApi.groovy:97)
	at com.target.OfferSlurper.$static_methodMissing(OfferSlurper.groovy)
	at sun.reflect.NativeMethodAccessorImpl.invoke0(Native Method)
	at sun.reflect.NativeMethodAccessorImpl.invoke(NativeMethodAccessorImpl.java:39)
	at sun.reflect.DelegatingMethodAccessorImpl.invoke(DelegatingMethodAccessorImpl.java:25)
	at java.lang.reflect.Method.invoke(Method.java:597)
	at org.springsource.loaded.ri.OriginalClassInvoker.invoke(OriginalClassInvoker.java:47)
	at org.springsource.loaded.ri.ReflectiveInterceptor.jlrMethodInvoke(ReflectiveInterceptor.java:1288)
	at org.codehaus.groovy.reflection.CachedMethod.invoke(CachedMethod.java:90)
	at groovy.lang.MetaClassImpl.invokeStaticMissingMethod(MetaClassImpl.java:1368)
	at groovy.lang.MetaClassImpl.invokeStaticMethod(MetaClassImpl.java:1356)
	at groovy.lang.ExpandoMetaClass.invokeStaticMethod(ExpandoMetaClass.java:1119)
	at org.codehaus.groovy.runtime.callsite.StaticMetaClassSite.call(StaticMetaClassSite.java:50)
	at org.codehaus.groovy.runtime.callsite.CallSiteArray.defaultCall(CallSiteArray.java:45)
	at org.codehaus.groovy.runtime.callsite.AbstractCallSite.call(AbstractCallSite.java:108)
	at org.codehaus.groovy.runtime.callsite.AbstractCallSite.call(AbstractCallSite.java:112)
	at com.target.SendOfferEmailJob$_execute_closure1$$EOCHImCO.doCall(SendOfferEmailJob.groovy:14)
	at sun.reflect.NativeMethodAccessorImpl.invoke0(Native Method)
	at sun.reflect.NativeMethodAccessorImpl.invoke(NativeMethodAccessorImpl.java:39)
	at sun.reflect.DelegatingMethodAccessorImpl.invoke(DelegatingMethodAccessorImpl.java:25)
	at java.lang.reflect.Method.invoke(Method.java:597)
	at org.springsource.loaded.ri.ReloadedTypeInvoker$2.invoke(ReloadedTypeInvoker.java:122)
	at org.springsource.loaded.ri.ReflectiveInterceptor.jlrMethodInvoke(ReflectiveInterceptor.java:1288)
	at org.codehaus.groovy.reflection.CachedMethod.invoke(CachedMethod.java:90)
	at groovy.lang.MetaMethod.doMethodInvoke(MetaMethod.java:233)
	at groovy.lang.MetaClassImpl.invokeMethod(MetaClassImpl.java:1082)
	at groovy.lang.ExpandoMetaClass.invokeMethod(ExpandoMetaClass.java:1106)
	at groovy.lang.MetaClassImpl.invokeMethod(MetaClassImpl.java:906)
	at groovy.lang.Closure.call(Closure.java:412)
	at com.target.SendOfferEmailJob$_execute_closure1.call(SendOfferEmailJob.groovy)
	at groovy.lang.Closure.call(Closure.java:425)
	at com.target.SendOfferEmailJob$_execute_closure1.call(SendOfferEmailJob.groovy)
	at org.codehaus.groovy.runtime.DefaultGroovyMethods.each(DefaultGroovyMethods.java:1326)
	at org.codehaus.groovy.runtime.DefaultGroovyMethods.each(DefaultGroovyMethods.java:1298)
	at org.codehaus.groovy.runtime.dgm$148.invoke(Unknown Source)
	at org.codehaus.groovy.runtime.callsite.StaticMetaMethodSite$StaticMetaMethodSiteNoUnwrapNoCoerce.invoke(StaticMetaMethodSite.java:148)
	at org.codehaus.groovy.runtime.callsite.StaticMetaMethodSite.call(StaticMetaMethodSite.java:88)
	at org.codehaus.groovy.runtime.callsite.CallSiteArray.defaultCall(CallSiteArray.java:45)
	at org.codehaus.groovy.runtime.callsite.AbstractCallSite.call(AbstractCallSite.java:108)
	at org.codehaus.groovy.runtime.callsite.AbstractCallSite.call(AbstractCallSite.java:116)
	at com.target.SendOfferEmailJob$$EOCHImCO.execute(SendOfferEmailJob.groovy:13)
	at sun.reflect.NativeMethodAccessorImpl.invoke0(Native Method)
	at sun.reflect.NativeMethodAccessorImpl.invoke(NativeMethodAccessorImpl.java:39)
	at sun.reflect.DelegatingMethodAccessorImpl.invoke(DelegatingMethodAccessorImpl.java:25)
	at java.lang.reflect.Method.invoke(Method.java:597)
	at org.springsource.loaded.ri.ReloadedTypeInvoker$2.invoke(ReloadedTypeInvoker.java:122)
	at org.springsource.loaded.ri.ReflectiveInterceptor.jlrMethodInvoke(ReflectiveInterceptor.java:1288)
	at grails.plugin.quartz2.GrailsArtefactJob.execute(GrailsArtefactJob.java:59)
	... 2 more
2013-07-21 20:02:02,112 [DefaultPluginScheduler_Worker-3] ERROR StackTrace  - Full Stack Trace:
groovy.lang.MissingMethodException: No signature of method: com.target.OfferSlurper.getEmail() is applicable for argument types: () values: []
Possible solutions: getEmail(), setEmail(java.lang.String), getAll(), getAll(java.util.List), getAll([Ljava.lang.Long;), getClass()
	at sun.reflect.NativeConstructorAccessorImpl.newInstance0(Native Method)
	at sun.reflect.NativeConstructorAccessorImpl.newInstance(NativeConstructorAccessorImpl.java:39)
	at sun.reflect.DelegatingConstructorAccessorImpl.newInstance(DelegatingConstructorAccessorImpl.java:27)
	at java.lang.reflect.Constructor.newInstance(Constructor.java:513)
	at org.springsource.loaded.ri.ReflectiveInterceptor.jlrConstructorNewInstance(ReflectiveInterceptor.java:991)
	at org.codehaus.groovy.reflection.CachedConstructor.invoke(CachedConstructor.java:77)
	at org.codehaus.groovy.runtime.callsite.ConstructorSite$ConstructorSiteNoUnwrapNoCoerce.callConstructor(ConstructorSite.java:102)
	at org.codehaus.groovy.runtime.callsite.CallSiteArray.defaultCallConstructor(CallSiteArray.java:57)
	at org.codehaus.groovy.runtime.callsite.AbstractCallSite.callConstructor(AbstractCallSite.java:182)
	at org.codehaus.groovy.runtime.callsite.AbstractCallSite.callConstructor(AbstractCallSite.java:198)
	at org.grails.datastore.gorm.GormStaticApi.methodMissing(GormStaticApi.groovy:97)
	at com.target.OfferSlurper.$static_methodMissing(OfferSlurper.groovy)
	at sun.reflect.NativeMethodAccessorImpl.invoke0(Native Method)
	at sun.reflect.NativeMethodAccessorImpl.invoke(NativeMethodAccessorImpl.java:39)
	at sun.reflect.DelegatingMethodAccessorImpl.invoke(DelegatingMethodAccessorImpl.java:25)
	at java.lang.reflect.Method.invoke(Method.java:597)
	at org.springsource.loaded.ri.OriginalClassInvoker.invoke(OriginalClassInvoker.java:47)
	at org.springsource.loaded.ri.ReflectiveInterceptor.jlrMethodInvoke(ReflectiveInterceptor.java:1288)
	at org.codehaus.groovy.reflection.CachedMethod.invoke(CachedMethod.java:90)
	at groovy.lang.MetaClassImpl.invokeStaticMissingMethod(MetaClassImpl.java:1368)
	at groovy.lang.MetaClassImpl.invokeStaticMethod(MetaClassImpl.java:1356)
	at groovy.lang.ExpandoMetaClass.invokeStaticMethod(ExpandoMetaClass.java:1119)
	at org.codehaus.groovy.runtime.callsite.StaticMetaClassSite.call(StaticMetaClassSite.java:50)
	at org.codehaus.groovy.runtime.callsite.CallSiteArray.defaultCall(CallSiteArray.java:45)
	at org.codehaus.groovy.runtime.callsite.AbstractCallSite.call(AbstractCallSite.java:108)
	at org.codehaus.groovy.runtime.callsite.AbstractCallSite.call(AbstractCallSite.java:112)
	at com.target.SendOfferEmailJob$_execute_closure1$$EOCHImCO.doCall(SendOfferEmailJob.groovy:14)
	at sun.reflect.NativeMethodAccessorImpl.invoke0(Native Method)
	at sun.reflect.NativeMethodAccessorImpl.invoke(NativeMethodAccessorImpl.java:39)
	at sun.reflect.DelegatingMethodAccessorImpl.invoke(DelegatingMethodAccessorImpl.java:25)
	at java.lang.reflect.Method.invoke(Method.java:597)
	at org.springsource.loaded.ri.ReloadedTypeInvoker$2.invoke(ReloadedTypeInvoker.java:122)
	at org.springsource.loaded.ri.ReflectiveInterceptor.jlrMethodInvoke(ReflectiveInterceptor.java:1288)
	at org.codehaus.groovy.reflection.CachedMethod.invoke(CachedMethod.java:90)
	at groovy.lang.MetaMethod.doMethodInvoke(MetaMethod.java:233)
	at groovy.lang.MetaClassImpl.invokeMethod(MetaClassImpl.java:1082)
	at groovy.lang.ExpandoMetaClass.invokeMethod(ExpandoMetaClass.java:1106)
	at groovy.lang.MetaClassImpl.invokeMethod(MetaClassImpl.java:906)
	at groovy.lang.Closure.call(Closure.java:412)
	at com.target.SendOfferEmailJob$_execute_closure1.call(SendOfferEmailJob.groovy)
	at groovy.lang.Closure.call(Closure.java:425)
	at com.target.SendOfferEmailJob$_execute_closure1.call(SendOfferEmailJob.groovy)
	at org.codehaus.groovy.runtime.DefaultGroovyMethods.each(DefaultGroovyMethods.java:1326)
	at org.codehaus.groovy.runtime.DefaultGroovyMethods.each(DefaultGroovyMethods.java:1298)
	at org.codehaus.groovy.runtime.dgm$148.invoke(Unknown Source)
	at org.codehaus.groovy.runtime.callsite.StaticMetaMethodSite$StaticMetaMethodSiteNoUnwrapNoCoerce.invoke(StaticMetaMethodSite.java:148)
	at org.codehaus.groovy.runtime.callsite.StaticMetaMethodSite.call(StaticMetaMethodSite.java:88)
	at org.codehaus.groovy.runtime.callsite.CallSiteArray.defaultCall(CallSiteArray.java:45)
	at org.codehaus.groovy.runtime.callsite.AbstractCallSite.call(AbstractCallSite.java:108)
	at org.codehaus.groovy.runtime.callsite.AbstractCallSite.call(AbstractCallSite.java:116)
	at com.target.SendOfferEmailJob$$EOCHImCO.execute(SendOfferEmailJob.groovy:13)
	at sun.reflect.NativeMethodAccessorImpl.invoke0(Native Method)
	at sun.reflect.NativeMethodAccessorImpl.invoke(NativeMethodAccessorImpl.java:39)
	at sun.reflect.DelegatingMethodAccessorImpl.invoke(DelegatingMethodAccessorImpl.java:25)
	at java.lang.reflect.Method.invoke(Method.java:597)
	at org.springsource.loaded.ri.ReloadedTypeInvoker$2.invoke(ReloadedTypeInvoker.java:122)
	at org.springsource.loaded.ri.ReflectiveInterceptor.jlrMethodInvoke(ReflectiveInterceptor.java:1288)
	at grails.plugin.quartz2.GrailsArtefactJob.execute(GrailsArtefactJob.java:59)
	at org.quartz.core.JobRunShell.run(JobRunShell.java:213)
	at org.quartz.simpl.SimpleThreadPool$WorkerThread.run(SimpleThreadPool.java:557)
2013-07-21 20:02:02,114 [DefaultPluginScheduler_Worker-3] ERROR StackTrace  - Full Stack Trace:
org.quartz.JobExecutionException: groovy.lang.MissingMethodException: No signature of method: com.target.OfferSlurper.getEmail() is applicable for argument types: () values: []
Possible solutions: getEmail(), setEmail(java.lang.String), getAll(), getAll(java.util.List), getAll([Ljava.lang.Long;), getClass() [See nested exception: groovy.lang.MissingMethodException: No signature of method: com.target.OfferSlurper.getEmail() is applicable for argument types: () values: []
Possible solutions: getEmail(), setEmail(java.lang.String), getAll(), getAll(java.util.List), getAll([Ljava.lang.Long;), getClass()]
	at grails.plugin.quartz2.GrailsArtefactJob.execute(GrailsArtefactJob.java:66)
	at org.quartz.core.JobRunShell.run(JobRunShell.java:213)
	at org.quartz.simpl.SimpleThreadPool$WorkerThread.run(SimpleThreadPool.java:557)
Caused by: groovy.lang.MissingMethodException: No signature of method: com.target.OfferSlurper.getEmail() is applicable for argument types: () values: []
Possible solutions: getEmail(), setEmail(java.lang.String), getAll(), getAll(java.util.List), getAll([Ljava.lang.Long;), getClass()
	at org.grails.datastore.gorm.GormStaticApi.methodMissing(GormStaticApi.groovy:97)
	at com.target.SendOfferEmailJob$_execute_closure1$$EOCHImCO.doCall(SendOfferEmailJob.groovy:14)
	at com.target.SendOfferEmailJob$$EOCHImCO.execute(SendOfferEmailJob.groovy:13)
	at grails.plugin.quartz2.GrailsArtefactJob.execute(GrailsArtefactJob.java:59)
	... 2 more
2013-07-21 20:02:02,116 [DefaultPluginScheduler_Worker-3] ERROR StackTrace  - Full Stack Trace:
org.quartz.JobExecutionException: groovy.lang.MissingMethodException: No signature of method: com.target.OfferSlurper.getEmail() is applicable for argument types: () values: []
Possible solutions: getEmail(), setEmail(java.lang.String), getAll(), getAll(java.util.List), getAll([Ljava.lang.Long;), getClass() [See nested exception: groovy.lang.MissingMethodException: No signature of method: com.target.OfferSlurper.getEmail() is applicable for argument types: () values: []
Possible solutions: getEmail(), setEmail(java.lang.String), getAll(), getAll(java.util.List), getAll([Ljava.lang.Long;), getClass()]
	at grails.plugin.quartz2.GrailsArtefactJob.execute(GrailsArtefactJob.java:66)
	at org.quartz.core.JobRunShell.run(JobRunShell.java:213)
	at org.quartz.simpl.SimpleThreadPool$WorkerThread.run(SimpleThreadPool.java:557)
Caused by: groovy.lang.MissingMethodException: No signature of method: com.target.OfferSlurper.getEmail() is applicable for argument types: () values: []
Possible solutions: getEmail(), setEmail(java.lang.String), getAll(), getAll(java.util.List), getAll([Ljava.lang.Long;), getClass()
	at org.grails.datastore.gorm.GormStaticApi.methodMissing(GormStaticApi.groovy:97)
	at com.target.SendOfferEmailJob$_execute_closure1$$EOCHImCO.doCall(SendOfferEmailJob.groovy:14)
	at com.target.SendOfferEmailJob$$EOCHImCO.execute(SendOfferEmailJob.groovy:13)
	at grails.plugin.quartz2.GrailsArtefactJob.execute(GrailsArtefactJob.java:59)
	... 2 more
2013-07-21 20:02:02,118 [DefaultPluginScheduler_Worker-3] ERROR StackTrace  - Full Stack Trace:
groovy.lang.MissingMethodException: No signature of method: com.target.OfferSlurper.getEmail() is applicable for argument types: () values: []
Possible solutions: getEmail(), setEmail(java.lang.String), getAll(), getAll(java.util.List), getAll([Ljava.lang.Long;), getClass()
	at org.grails.datastore.gorm.GormStaticApi.methodMissing(GormStaticApi.groovy:97)
	at com.target.SendOfferEmailJob$_execute_closure1$$EOCHImCO.doCall(SendOfferEmailJob.groovy:14)
	at com.target.SendOfferEmailJob$$EOCHImCO.execute(SendOfferEmailJob.groovy:13)
	at grails.plugin.quartz2.GrailsArtefactJob.execute(GrailsArtefactJob.java:59)
	at org.quartz.core.JobRunShell.run(JobRunShell.java:213)
	at org.quartz.simpl.SimpleThreadPool$WorkerThread.run(SimpleThreadPool.java:557)
2013-07-21 20:02:02,119 [DefaultPluginScheduler_Worker-3] ERROR StackTrace  - Full Stack Trace:
org.quartz.JobExecutionException: groovy.lang.MissingMethodException: No signature of method: com.target.OfferSlurper.getEmail() is applicable for argument types: () values: []
Possible solutions: getEmail(), setEmail(java.lang.String), getAll(), getAll(java.util.List), getAll([Ljava.lang.Long;), getClass() [See nested exception: groovy.lang.MissingMethodException: No signature of method: com.target.OfferSlurper.getEmail() is applicable for argument types: () values: []
Possible solutions: getEmail(), setEmail(java.lang.String), getAll(), getAll(java.util.List), getAll([Ljava.lang.Long;), getClass()]
	at grails.plugin.quartz2.GrailsArtefactJob.execute(GrailsArtefactJob.java:66)
	at org.quartz.core.JobRunShell.run(JobRunShell.java:213)
	at org.quartz.simpl.SimpleThreadPool$WorkerThread.run(SimpleThreadPool.java:557)
Caused by: groovy.lang.MissingMethodException: No signature of method: com.target.OfferSlurper.getEmail() is applicable for argument types: () values: []
Possible solutions: getEmail(), setEmail(java.lang.String), getAll(), getAll(java.util.List), getAll([Ljava.lang.Long;), getClass()
	at org.grails.datastore.gorm.GormStaticApi.methodMissing(GormStaticApi.groovy:97)
	at com.target.SendOfferEmailJob$_execute_closure1$$EOCHImCO.doCall(SendOfferEmailJob.groovy:14)
	at com.target.SendOfferEmailJob$$EOCHImCO.execute(SendOfferEmailJob.groovy:13)
	at grails.plugin.quartz2.GrailsArtefactJob.execute(GrailsArtefactJob.java:59)
	... 2 more
2013-07-21 20:03:44,275 [DefaultPluginScheduler_Worker-4] ERROR StackTrace  - Full Stack Trace:
org.quartz.JobExecutionException: groovy.lang.MissingMethodException: No signature of method: com.target.OfferSlurper.getEmail() is applicable for argument types: () values: []
Possible solutions: getEmail(), setEmail(java.lang.String), getAll(), getAll(java.util.List), getAll([Ljava.lang.Long;), getClass() [See nested exception: groovy.lang.MissingMethodException: No signature of method: com.target.OfferSlurper.getEmail() is applicable for argument types: () values: []
Possible solutions: getEmail(), setEmail(java.lang.String), getAll(), getAll(java.util.List), getAll([Ljava.lang.Long;), getClass()]
	at grails.plugin.quartz2.GrailsArtefactJob.execute(GrailsArtefactJob.java:66)
	at org.quartz.core.JobRunShell.run(JobRunShell.java:213)
	at org.quartz.simpl.SimpleThreadPool$WorkerThread.run(SimpleThreadPool.java:557)
Caused by: groovy.lang.MissingMethodException: No signature of method: com.target.OfferSlurper.getEmail() is applicable for argument types: () values: []
Possible solutions: getEmail(), setEmail(java.lang.String), getAll(), getAll(java.util.List), getAll([Ljava.lang.Long;), getClass()
	at sun.reflect.NativeConstructorAccessorImpl.newInstance0(Native Method)
	at sun.reflect.NativeConstructorAccessorImpl.newInstance(NativeConstructorAccessorImpl.java:39)
	at sun.reflect.DelegatingConstructorAccessorImpl.newInstance(DelegatingConstructorAccessorImpl.java:27)
	at java.lang.reflect.Constructor.newInstance(Constructor.java:513)
	at org.springsource.loaded.ri.ReflectiveInterceptor.jlrConstructorNewInstance(ReflectiveInterceptor.java:991)
	at org.codehaus.groovy.reflection.CachedConstructor.invoke(CachedConstructor.java:77)
	at org.codehaus.groovy.runtime.callsite.ConstructorSite$ConstructorSiteNoUnwrapNoCoerce.callConstructor(ConstructorSite.java:102)
	at org.codehaus.groovy.runtime.callsite.AbstractCallSite.callConstructor(AbstractCallSite.java:198)
	at org.grails.datastore.gorm.GormStaticApi.methodMissing(GormStaticApi.groovy:97)
	at com.target.OfferSlurper.$static_methodMissing(OfferSlurper.groovy)
	at sun.reflect.NativeMethodAccessorImpl.invoke0(Native Method)
	at sun.reflect.NativeMethodAccessorImpl.invoke(NativeMethodAccessorImpl.java:39)
	at sun.reflect.DelegatingMethodAccessorImpl.invoke(DelegatingMethodAccessorImpl.java:25)
	at java.lang.reflect.Method.invoke(Method.java:597)
	at org.springsource.loaded.ri.OriginalClassInvoker.invoke(OriginalClassInvoker.java:47)
	at org.springsource.loaded.ri.ReflectiveInterceptor.jlrMethodInvoke(ReflectiveInterceptor.java:1288)
	at org.codehaus.groovy.reflection.CachedMethod.invoke(CachedMethod.java:90)
	at groovy.lang.MetaClassImpl.invokeStaticMissingMethod(MetaClassImpl.java:1368)
	at groovy.lang.MetaClassImpl.invokeStaticMethod(MetaClassImpl.java:1356)
	at groovy.lang.ExpandoMetaClass.invokeStaticMethod(ExpandoMetaClass.java:1119)
	at org.codehaus.groovy.runtime.callsite.StaticMetaClassSite.call(StaticMetaClassSite.java:50)
	at org.codehaus.groovy.runtime.callsite.CallSiteArray.defaultCall(CallSiteArray.java:45)
	at org.codehaus.groovy.runtime.callsite.AbstractCallSite.call(AbstractCallSite.java:108)
	at org.codehaus.groovy.runtime.callsite.AbstractCallSite.call(AbstractCallSite.java:112)
	at com.target.SendOfferEmailJob$_execute_closure1$$EOCHJCsP.doCall(SendOfferEmailJob.groovy:15)
	at sun.reflect.NativeMethodAccessorImpl.invoke0(Native Method)
	at sun.reflect.NativeMethodAccessorImpl.invoke(NativeMethodAccessorImpl.java:39)
	at sun.reflect.DelegatingMethodAccessorImpl.invoke(DelegatingMethodAccessorImpl.java:25)
	at java.lang.reflect.Method.invoke(Method.java:597)
	at org.springsource.loaded.ri.ReloadedTypeInvoker$2.invoke(ReloadedTypeInvoker.java:122)
	at org.springsource.loaded.ri.ReflectiveInterceptor.jlrMethodInvoke(ReflectiveInterceptor.java:1288)
	at org.codehaus.groovy.reflection.CachedMethod.invoke(CachedMethod.java:90)
	at groovy.lang.MetaMethod.doMethodInvoke(MetaMethod.java:233)
	at groovy.lang.MetaClassImpl.invokeMethod(MetaClassImpl.java:1082)
	at groovy.lang.ExpandoMetaClass.invokeMethod(ExpandoMetaClass.java:1106)
	at groovy.lang.MetaClassImpl.invokeMethod(MetaClassImpl.java:906)
	at groovy.lang.Closure.call(Closure.java:412)
	at com.target.SendOfferEmailJob$_execute_closure1.call(SendOfferEmailJob.groovy)
	at groovy.lang.Closure.call(Closure.java:425)
	at com.target.SendOfferEmailJob$_execute_closure1.call(SendOfferEmailJob.groovy)
	at org.codehaus.groovy.runtime.DefaultGroovyMethods.each(DefaultGroovyMethods.java:1326)
	at org.codehaus.groovy.runtime.DefaultGroovyMethods.each(DefaultGroovyMethods.java:1298)
	at org.codehaus.groovy.runtime.dgm$148.invoke(Unknown Source)
	at org.codehaus.groovy.runtime.callsite.StaticMetaMethodSite$StaticMetaMethodSiteNoUnwrapNoCoerce.invoke(StaticMetaMethodSite.java:148)
	at org.codehaus.groovy.runtime.callsite.StaticMetaMethodSite.call(StaticMetaMethodSite.java:88)
	at org.codehaus.groovy.runtime.callsite.CallSiteArray.defaultCall(CallSiteArray.java:45)
	at org.codehaus.groovy.runtime.callsite.AbstractCallSite.call(AbstractCallSite.java:108)
	at org.codehaus.groovy.runtime.callsite.AbstractCallSite.call(AbstractCallSite.java:116)
	at com.target.SendOfferEmailJob$$EOCHJCsO.execute(SendOfferEmailJob.groovy:14)
	at sun.reflect.NativeMethodAccessorImpl.invoke0(Native Method)
	at sun.reflect.NativeMethodAccessorImpl.invoke(NativeMethodAccessorImpl.java:39)
	at sun.reflect.DelegatingMethodAccessorImpl.invoke(DelegatingMethodAccessorImpl.java:25)
	at java.lang.reflect.Method.invoke(Method.java:597)
	at org.springsource.loaded.ri.ReloadedTypeInvoker$2.invoke(ReloadedTypeInvoker.java:122)
	at org.springsource.loaded.ri.ReflectiveInterceptor.jlrMethodInvoke(ReflectiveInterceptor.java:1288)
	at grails.plugin.quartz2.GrailsArtefactJob.execute(GrailsArtefactJob.java:59)
	... 2 more
2013-07-21 20:03:44,278 [DefaultPluginScheduler_Worker-4] ERROR StackTrace  - Full Stack Trace:
groovy.lang.MissingMethodException: No signature of method: com.target.OfferSlurper.getEmail() is applicable for argument types: () values: []
Possible solutions: getEmail(), setEmail(java.lang.String), getAll(), getAll(java.util.List), getAll([Ljava.lang.Long;), getClass()
	at sun.reflect.NativeConstructorAccessorImpl.newInstance0(Native Method)
	at sun.reflect.NativeConstructorAccessorImpl.newInstance(NativeConstructorAccessorImpl.java:39)
	at sun.reflect.DelegatingConstructorAccessorImpl.newInstance(DelegatingConstructorAccessorImpl.java:27)
	at java.lang.reflect.Constructor.newInstance(Constructor.java:513)
	at org.springsource.loaded.ri.ReflectiveInterceptor.jlrConstructorNewInstance(ReflectiveInterceptor.java:991)
	at org.codehaus.groovy.reflection.CachedConstructor.invoke(CachedConstructor.java:77)
	at org.codehaus.groovy.runtime.callsite.ConstructorSite$ConstructorSiteNoUnwrapNoCoerce.callConstructor(ConstructorSite.java:102)
	at org.codehaus.groovy.runtime.callsite.AbstractCallSite.callConstructor(AbstractCallSite.java:198)
	at org.grails.datastore.gorm.GormStaticApi.methodMissing(GormStaticApi.groovy:97)
	at com.target.OfferSlurper.$static_methodMissing(OfferSlurper.groovy)
	at sun.reflect.NativeMethodAccessorImpl.invoke0(Native Method)
	at sun.reflect.NativeMethodAccessorImpl.invoke(NativeMethodAccessorImpl.java:39)
	at sun.reflect.DelegatingMethodAccessorImpl.invoke(DelegatingMethodAccessorImpl.java:25)
	at java.lang.reflect.Method.invoke(Method.java:597)
	at org.springsource.loaded.ri.OriginalClassInvoker.invoke(OriginalClassInvoker.java:47)
	at org.springsource.loaded.ri.ReflectiveInterceptor.jlrMethodInvoke(ReflectiveInterceptor.java:1288)
	at org.codehaus.groovy.reflection.CachedMethod.invoke(CachedMethod.java:90)
	at groovy.lang.MetaClassImpl.invokeStaticMissingMethod(MetaClassImpl.java:1368)
	at groovy.lang.MetaClassImpl.invokeStaticMethod(MetaClassImpl.java:1356)
	at groovy.lang.ExpandoMetaClass.invokeStaticMethod(ExpandoMetaClass.java:1119)
	at org.codehaus.groovy.runtime.callsite.StaticMetaClassSite.call(StaticMetaClassSite.java:50)
	at org.codehaus.groovy.runtime.callsite.CallSiteArray.defaultCall(CallSiteArray.java:45)
	at org.codehaus.groovy.runtime.callsite.AbstractCallSite.call(AbstractCallSite.java:108)
	at org.codehaus.groovy.runtime.callsite.AbstractCallSite.call(AbstractCallSite.java:112)
	at com.target.SendOfferEmailJob$_execute_closure1$$EOCHJCsP.doCall(SendOfferEmailJob.groovy:15)
	at sun.reflect.NativeMethodAccessorImpl.invoke0(Native Method)
	at sun.reflect.NativeMethodAccessorImpl.invoke(NativeMethodAccessorImpl.java:39)
	at sun.reflect.DelegatingMethodAccessorImpl.invoke(DelegatingMethodAccessorImpl.java:25)
	at java.lang.reflect.Method.invoke(Method.java:597)
	at org.springsource.loaded.ri.ReloadedTypeInvoker$2.invoke(ReloadedTypeInvoker.java:122)
	at org.springsource.loaded.ri.ReflectiveInterceptor.jlrMethodInvoke(ReflectiveInterceptor.java:1288)
	at org.codehaus.groovy.reflection.CachedMethod.invoke(CachedMethod.java:90)
	at groovy.lang.MetaMethod.doMethodInvoke(MetaMethod.java:233)
	at groovy.lang.MetaClassImpl.invokeMethod(MetaClassImpl.java:1082)
	at groovy.lang.ExpandoMetaClass.invokeMethod(ExpandoMetaClass.java:1106)
	at groovy.lang.MetaClassImpl.invokeMethod(MetaClassImpl.java:906)
	at groovy.lang.Closure.call(Closure.java:412)
	at com.target.SendOfferEmailJob$_execute_closure1.call(SendOfferEmailJob.groovy)
	at groovy.lang.Closure.call(Closure.java:425)
	at com.target.SendOfferEmailJob$_execute_closure1.call(SendOfferEmailJob.groovy)
	at org.codehaus.groovy.runtime.DefaultGroovyMethods.each(DefaultGroovyMethods.java:1326)
	at org.codehaus.groovy.runtime.DefaultGroovyMethods.each(DefaultGroovyMethods.java:1298)
	at org.codehaus.groovy.runtime.dgm$148.invoke(Unknown Source)
	at org.codehaus.groovy.runtime.callsite.StaticMetaMethodSite$StaticMetaMethodSiteNoUnwrapNoCoerce.invoke(StaticMetaMethodSite.java:148)
	at org.codehaus.groovy.runtime.callsite.StaticMetaMethodSite.call(StaticMetaMethodSite.java:88)
	at org.codehaus.groovy.runtime.callsite.CallSiteArray.defaultCall(CallSiteArray.java:45)
	at org.codehaus.groovy.runtime.callsite.AbstractCallSite.call(AbstractCallSite.java:108)
	at org.codehaus.groovy.runtime.callsite.AbstractCallSite.call(AbstractCallSite.java:116)
	at com.target.SendOfferEmailJob$$EOCHJCsO.execute(SendOfferEmailJob.groovy:14)
	at sun.reflect.NativeMethodAccessorImpl.invoke0(Native Method)
	at sun.reflect.NativeMethodAccessorImpl.invoke(NativeMethodAccessorImpl.java:39)
	at sun.reflect.DelegatingMethodAccessorImpl.invoke(DelegatingMethodAccessorImpl.java:25)
	at java.lang.reflect.Method.invoke(Method.java:597)
	at org.springsource.loaded.ri.ReloadedTypeInvoker$2.invoke(ReloadedTypeInvoker.java:122)
	at org.springsource.loaded.ri.ReflectiveInterceptor.jlrMethodInvoke(ReflectiveInterceptor.java:1288)
	at grails.plugin.quartz2.GrailsArtefactJob.execute(GrailsArtefactJob.java:59)
	at org.quartz.core.JobRunShell.run(JobRunShell.java:213)
	at org.quartz.simpl.SimpleThreadPool$WorkerThread.run(SimpleThreadPool.java:557)
2013-07-21 20:03:44,279 [DefaultPluginScheduler_Worker-4] ERROR StackTrace  - Full Stack Trace:
org.quartz.JobExecutionException: groovy.lang.MissingMethodException: No signature of method: com.target.OfferSlurper.getEmail() is applicable for argument types: () values: []
Possible solutions: getEmail(), setEmail(java.lang.String), getAll(), getAll(java.util.List), getAll([Ljava.lang.Long;), getClass() [See nested exception: groovy.lang.MissingMethodException: No signature of method: com.target.OfferSlurper.getEmail() is applicable for argument types: () values: []
Possible solutions: getEmail(), setEmail(java.lang.String), getAll(), getAll(java.util.List), getAll([Ljava.lang.Long;), getClass()]
	at grails.plugin.quartz2.GrailsArtefactJob.execute(GrailsArtefactJob.java:66)
	at org.quartz.core.JobRunShell.run(JobRunShell.java:213)
	at org.quartz.simpl.SimpleThreadPool$WorkerThread.run(SimpleThreadPool.java:557)
Caused by: groovy.lang.MissingMethodException: No signature of method: com.target.OfferSlurper.getEmail() is applicable for argument types: () values: []
Possible solutions: getEmail(), setEmail(java.lang.String), getAll(), getAll(java.util.List), getAll([Ljava.lang.Long;), getClass()
	at org.grails.datastore.gorm.GormStaticApi.methodMissing(GormStaticApi.groovy:97)
	at com.target.SendOfferEmailJob$_execute_closure1$$EOCHJCsP.doCall(SendOfferEmailJob.groovy:15)
	at com.target.SendOfferEmailJob$$EOCHJCsO.execute(SendOfferEmailJob.groovy:14)
	at grails.plugin.quartz2.GrailsArtefactJob.execute(GrailsArtefactJob.java:59)
	... 2 more
2013-07-21 20:03:44,281 [DefaultPluginScheduler_Worker-4] ERROR StackTrace  - Full Stack Trace:
org.quartz.JobExecutionException: groovy.lang.MissingMethodException: No signature of method: com.target.OfferSlurper.getEmail() is applicable for argument types: () values: []
Possible solutions: getEmail(), setEmail(java.lang.String), getAll(), getAll(java.util.List), getAll([Ljava.lang.Long;), getClass() [See nested exception: groovy.lang.MissingMethodException: No signature of method: com.target.OfferSlurper.getEmail() is applicable for argument types: () values: []
Possible solutions: getEmail(), setEmail(java.lang.String), getAll(), getAll(java.util.List), getAll([Ljava.lang.Long;), getClass()]
	at grails.plugin.quartz2.GrailsArtefactJob.execute(GrailsArtefactJob.java:66)
	at org.quartz.core.JobRunShell.run(JobRunShell.java:213)
	at org.quartz.simpl.SimpleThreadPool$WorkerThread.run(SimpleThreadPool.java:557)
Caused by: groovy.lang.MissingMethodException: No signature of method: com.target.OfferSlurper.getEmail() is applicable for argument types: () values: []
Possible solutions: getEmail(), setEmail(java.lang.String), getAll(), getAll(java.util.List), getAll([Ljava.lang.Long;), getClass()
	at org.grails.datastore.gorm.GormStaticApi.methodMissing(GormStaticApi.groovy:97)
	at com.target.SendOfferEmailJob$_execute_closure1$$EOCHJCsP.doCall(SendOfferEmailJob.groovy:15)
	at com.target.SendOfferEmailJob$$EOCHJCsO.execute(SendOfferEmailJob.groovy:14)
	at grails.plugin.quartz2.GrailsArtefactJob.execute(GrailsArtefactJob.java:59)
	... 2 more
2013-07-21 20:03:44,283 [DefaultPluginScheduler_Worker-4] ERROR StackTrace  - Full Stack Trace:
groovy.lang.MissingMethodException: No signature of method: com.target.OfferSlurper.getEmail() is applicable for argument types: () values: []
Possible solutions: getEmail(), setEmail(java.lang.String), getAll(), getAll(java.util.List), getAll([Ljava.lang.Long;), getClass()
	at org.grails.datastore.gorm.GormStaticApi.methodMissing(GormStaticApi.groovy:97)
	at com.target.SendOfferEmailJob$_execute_closure1$$EOCHJCsP.doCall(SendOfferEmailJob.groovy:15)
	at com.target.SendOfferEmailJob$$EOCHJCsO.execute(SendOfferEmailJob.groovy:14)
	at grails.plugin.quartz2.GrailsArtefactJob.execute(GrailsArtefactJob.java:59)
	at org.quartz.core.JobRunShell.run(JobRunShell.java:213)
	at org.quartz.simpl.SimpleThreadPool$WorkerThread.run(SimpleThreadPool.java:557)
2013-07-21 20:03:44,284 [DefaultPluginScheduler_Worker-4] ERROR StackTrace  - Full Stack Trace:
org.quartz.JobExecutionException: groovy.lang.MissingMethodException: No signature of method: com.target.OfferSlurper.getEmail() is applicable for argument types: () values: []
Possible solutions: getEmail(), setEmail(java.lang.String), getAll(), getAll(java.util.List), getAll([Ljava.lang.Long;), getClass() [See nested exception: groovy.lang.MissingMethodException: No signature of method: com.target.OfferSlurper.getEmail() is applicable for argument types: () values: []
Possible solutions: getEmail(), setEmail(java.lang.String), getAll(), getAll(java.util.List), getAll([Ljava.lang.Long;), getClass()]
	at grails.plugin.quartz2.GrailsArtefactJob.execute(GrailsArtefactJob.java:66)
	at org.quartz.core.JobRunShell.run(JobRunShell.java:213)
	at org.quartz.simpl.SimpleThreadPool$WorkerThread.run(SimpleThreadPool.java:557)
Caused by: groovy.lang.MissingMethodException: No signature of method: com.target.OfferSlurper.getEmail() is applicable for argument types: () values: []
Possible solutions: getEmail(), setEmail(java.lang.String), getAll(), getAll(java.util.List), getAll([Ljava.lang.Long;), getClass()
	at org.grails.datastore.gorm.GormStaticApi.methodMissing(GormStaticApi.groovy:97)
	at com.target.SendOfferEmailJob$_execute_closure1$$EOCHJCsP.doCall(SendOfferEmailJob.groovy:15)
	at com.target.SendOfferEmailJob$$EOCHJCsO.execute(SendOfferEmailJob.groovy:14)
	at grails.plugin.quartz2.GrailsArtefactJob.execute(GrailsArtefactJob.java:59)
	... 2 more
2013-07-21 20:05:31,266 [DefaultPluginScheduler_Worker-9] ERROR StackTrace  - Full Stack Trace:
org.quartz.JobExecutionException: groovy.lang.MissingPropertyException: No such property: offers for class: com.target.SendOfferEmailJob [See nested exception: groovy.lang.MissingPropertyException: No such property: offers for class: com.target.SendOfferEmailJob]
	at grails.plugin.quartz2.GrailsArtefactJob.execute(GrailsArtefactJob.java:66)
	at org.quartz.core.JobRunShell.run(JobRunShell.java:213)
	at org.quartz.simpl.SimpleThreadPool$WorkerThread.run(SimpleThreadPool.java:557)
Caused by: groovy.lang.MissingPropertyException: No such property: offers for class: com.target.SendOfferEmailJob
	at org.codehaus.groovy.runtime.ScriptBytecodeAdapter.unwrap(ScriptBytecodeAdapter.java:50)
	at org.codehaus.groovy.runtime.ScriptBytecodeAdapter.setGroovyObjectProperty(ScriptBytecodeAdapter.java:530)
	at com.target.SendOfferEmailJob$_execute_closure1$$EOCHJelb.doCall(SendOfferEmailJob.groovy:18)
	at sun.reflect.NativeMethodAccessorImpl.invoke0(Native Method)
	at sun.reflect.NativeMethodAccessorImpl.invoke(NativeMethodAccessorImpl.java:39)
	at sun.reflect.DelegatingMethodAccessorImpl.invoke(DelegatingMethodAccessorImpl.java:25)
	at java.lang.reflect.Method.invoke(Method.java:597)
	at org.springsource.loaded.ri.ReloadedTypeInvoker$2.invoke(ReloadedTypeInvoker.java:122)
	at org.springsource.loaded.ri.ReflectiveInterceptor.jlrMethodInvoke(ReflectiveInterceptor.java:1288)
	at org.codehaus.groovy.reflection.CachedMethod.invoke(CachedMethod.java:90)
	at groovy.lang.MetaMethod.doMethodInvoke(MetaMethod.java:233)
	at groovy.lang.MetaClassImpl.invokeMethod(MetaClassImpl.java:1082)
	at groovy.lang.ExpandoMetaClass.invokeMethod(ExpandoMetaClass.java:1106)
	at groovy.lang.MetaClassImpl.invokeMethod(MetaClassImpl.java:906)
	at groovy.lang.Closure.call(Closure.java:412)
	at com.target.SendOfferEmailJob$_execute_closure1.call(SendOfferEmailJob.groovy)
	at groovy.lang.Closure.call(Closure.java:425)
	at com.target.SendOfferEmailJob$_execute_closure1.call(SendOfferEmailJob.groovy)
	at org.codehaus.groovy.runtime.DefaultGroovyMethods.each(DefaultGroovyMethods.java:1326)
	at org.codehaus.groovy.runtime.DefaultGroovyMethods.each(DefaultGroovyMethods.java:1298)
	at org.codehaus.groovy.runtime.dgm$148.invoke(Unknown Source)
	at org.codehaus.groovy.runtime.callsite.PojoMetaMethodSite$PojoMetaMethodSiteNoUnwrapNoCoerce.invoke(PojoMetaMethodSite.java:271)
	at org.codehaus.groovy.runtime.callsite.PojoMetaMethodSite.call(PojoMetaMethodSite.java:53)
	at org.codehaus.groovy.runtime.callsite.CallSiteArray.defaultCall(CallSiteArray.java:45)
	at org.codehaus.groovy.runtime.callsite.AbstractCallSite.call(AbstractCallSite.java:108)
	at org.codehaus.groovy.runtime.callsite.AbstractCallSite.call(AbstractCallSite.java:116)
	at com.target.SendOfferEmailJob$$EOCHJela.execute(SendOfferEmailJob.groovy:14)
	at sun.reflect.NativeMethodAccessorImpl.invoke0(Native Method)
	at sun.reflect.NativeMethodAccessorImpl.invoke(NativeMethodAccessorImpl.java:39)
	at sun.reflect.DelegatingMethodAccessorImpl.invoke(DelegatingMethodAccessorImpl.java:25)
	at java.lang.reflect.Method.invoke(Method.java:597)
	at org.springsource.loaded.ri.ReloadedTypeInvoker$2.invoke(ReloadedTypeInvoker.java:122)
	at org.springsource.loaded.ri.ReflectiveInterceptor.jlrMethodInvoke(ReflectiveInterceptor.java:1288)
	at grails.plugin.quartz2.GrailsArtefactJob.execute(GrailsArtefactJob.java:59)
	... 2 more
2013-07-21 20:05:31,267 [DefaultPluginScheduler_Worker-9] ERROR StackTrace  - Full Stack Trace:
groovy.lang.MissingPropertyException: No such property: offers for class: com.target.SendOfferEmailJob
	at org.codehaus.groovy.runtime.ScriptBytecodeAdapter.unwrap(ScriptBytecodeAdapter.java:50)
	at org.codehaus.groovy.runtime.ScriptBytecodeAdapter.setGroovyObjectProperty(ScriptBytecodeAdapter.java:530)
	at com.target.SendOfferEmailJob$_execute_closure1$$EOCHJelb.doCall(SendOfferEmailJob.groovy:18)
	at sun.reflect.NativeMethodAccessorImpl.invoke0(Native Method)
	at sun.reflect.NativeMethodAccessorImpl.invoke(NativeMethodAccessorImpl.java:39)
	at sun.reflect.DelegatingMethodAccessorImpl.invoke(DelegatingMethodAccessorImpl.java:25)
	at java.lang.reflect.Method.invoke(Method.java:597)
	at org.springsource.loaded.ri.ReloadedTypeInvoker$2.invoke(ReloadedTypeInvoker.java:122)
	at org.springsource.loaded.ri.ReflectiveInterceptor.jlrMethodInvoke(ReflectiveInterceptor.java:1288)
	at org.codehaus.groovy.reflection.CachedMethod.invoke(CachedMethod.java:90)
	at groovy.lang.MetaMethod.doMethodInvoke(MetaMethod.java:233)
	at groovy.lang.MetaClassImpl.invokeMethod(MetaClassImpl.java:1082)
	at groovy.lang.ExpandoMetaClass.invokeMethod(ExpandoMetaClass.java:1106)
	at groovy.lang.MetaClassImpl.invokeMethod(MetaClassImpl.java:906)
	at groovy.lang.Closure.call(Closure.java:412)
	at com.target.SendOfferEmailJob$_execute_closure1.call(SendOfferEmailJob.groovy)
	at groovy.lang.Closure.call(Closure.java:425)
	at com.target.SendOfferEmailJob$_execute_closure1.call(SendOfferEmailJob.groovy)
	at org.codehaus.groovy.runtime.DefaultGroovyMethods.each(DefaultGroovyMethods.java:1326)
	at org.codehaus.groovy.runtime.DefaultGroovyMethods.each(DefaultGroovyMethods.java:1298)
	at org.codehaus.groovy.runtime.dgm$148.invoke(Unknown Source)
	at org.codehaus.groovy.runtime.callsite.PojoMetaMethodSite$PojoMetaMethodSiteNoUnwrapNoCoerce.invoke(PojoMetaMethodSite.java:271)
	at org.codehaus.groovy.runtime.callsite.PojoMetaMethodSite.call(PojoMetaMethodSite.java:53)
	at org.codehaus.groovy.runtime.callsite.CallSiteArray.defaultCall(CallSiteArray.java:45)
	at org.codehaus.groovy.runtime.callsite.AbstractCallSite.call(AbstractCallSite.java:108)
	at org.codehaus.groovy.runtime.callsite.AbstractCallSite.call(AbstractCallSite.java:116)
	at com.target.SendOfferEmailJob$$EOCHJela.execute(SendOfferEmailJob.groovy:14)
	at sun.reflect.NativeMethodAccessorImpl.invoke0(Native Method)
	at sun.reflect.NativeMethodAccessorImpl.invoke(NativeMethodAccessorImpl.java:39)
	at sun.reflect.DelegatingMethodAccessorImpl.invoke(DelegatingMethodAccessorImpl.java:25)
	at java.lang.reflect.Method.invoke(Method.java:597)
	at org.springsource.loaded.ri.ReloadedTypeInvoker$2.invoke(ReloadedTypeInvoker.java:122)
	at org.springsource.loaded.ri.ReflectiveInterceptor.jlrMethodInvoke(ReflectiveInterceptor.java:1288)
	at grails.plugin.quartz2.GrailsArtefactJob.execute(GrailsArtefactJob.java:59)
	at org.quartz.core.JobRunShell.run(JobRunShell.java:213)
	at org.quartz.simpl.SimpleThreadPool$WorkerThread.run(SimpleThreadPool.java:557)
2013-07-21 20:05:31,267 [DefaultPluginScheduler_Worker-9] ERROR StackTrace  - Full Stack Trace:
org.quartz.JobExecutionException: groovy.lang.MissingPropertyException: No such property: offers for class: com.target.SendOfferEmailJob [See nested exception: groovy.lang.MissingPropertyException: No such property: offers for class: com.target.SendOfferEmailJob]
	at grails.plugin.quartz2.GrailsArtefactJob.execute(GrailsArtefactJob.java:66)
	at org.quartz.core.JobRunShell.run(JobRunShell.java:213)
	at org.quartz.simpl.SimpleThreadPool$WorkerThread.run(SimpleThreadPool.java:557)
Caused by: groovy.lang.MissingPropertyException: No such property: offers for class: com.target.SendOfferEmailJob
	at com.target.SendOfferEmailJob$_execute_closure1$$EOCHJelb.doCall(SendOfferEmailJob.groovy:18)
	at com.target.SendOfferEmailJob$$EOCHJela.execute(SendOfferEmailJob.groovy:14)
	at grails.plugin.quartz2.GrailsArtefactJob.execute(GrailsArtefactJob.java:59)
	... 2 more
2013-07-21 20:05:31,268 [DefaultPluginScheduler_Worker-9] ERROR StackTrace  - Full Stack Trace:
org.quartz.JobExecutionException: groovy.lang.MissingPropertyException: No such property: offers for class: com.target.SendOfferEmailJob [See nested exception: groovy.lang.MissingPropertyException: No such property: offers for class: com.target.SendOfferEmailJob]
	at grails.plugin.quartz2.GrailsArtefactJob.execute(GrailsArtefactJob.java:66)
	at org.quartz.core.JobRunShell.run(JobRunShell.java:213)
	at org.quartz.simpl.SimpleThreadPool$WorkerThread.run(SimpleThreadPool.java:557)
Caused by: groovy.lang.MissingPropertyException: No such property: offers for class: com.target.SendOfferEmailJob
	at com.target.SendOfferEmailJob$_execute_closure1$$EOCHJelb.doCall(SendOfferEmailJob.groovy:18)
	at com.target.SendOfferEmailJob$$EOCHJela.execute(SendOfferEmailJob.groovy:14)
	at grails.plugin.quartz2.GrailsArtefactJob.execute(GrailsArtefactJob.java:59)
	... 2 more
2013-07-21 20:05:31,268 [DefaultPluginScheduler_Worker-9] ERROR StackTrace  - Full Stack Trace:
groovy.lang.MissingPropertyException: No such property: offers for class: com.target.SendOfferEmailJob
	at com.target.SendOfferEmailJob$_execute_closure1$$EOCHJelb.doCall(SendOfferEmailJob.groovy:18)
	at com.target.SendOfferEmailJob$$EOCHJela.execute(SendOfferEmailJob.groovy:14)
	at grails.plugin.quartz2.GrailsArtefactJob.execute(GrailsArtefactJob.java:59)
	at org.quartz.core.JobRunShell.run(JobRunShell.java:213)
	at org.quartz.simpl.SimpleThreadPool$WorkerThread.run(SimpleThreadPool.java:557)
2013-07-21 20:05:31,268 [DefaultPluginScheduler_Worker-9] ERROR StackTrace  - Full Stack Trace:
org.quartz.JobExecutionException: groovy.lang.MissingPropertyException: No such property: offers for class: com.target.SendOfferEmailJob [See nested exception: groovy.lang.MissingPropertyException: No such property: offers for class: com.target.SendOfferEmailJob]
	at grails.plugin.quartz2.GrailsArtefactJob.execute(GrailsArtefactJob.java:66)
	at org.quartz.core.JobRunShell.run(JobRunShell.java:213)
	at org.quartz.simpl.SimpleThreadPool$WorkerThread.run(SimpleThreadPool.java:557)
Caused by: groovy.lang.MissingPropertyException: No such property: offers for class: com.target.SendOfferEmailJob
	at com.target.SendOfferEmailJob$_execute_closure1$$EOCHJelb.doCall(SendOfferEmailJob.groovy:18)
	at com.target.SendOfferEmailJob$$EOCHJela.execute(SendOfferEmailJob.groovy:14)
	at grails.plugin.quartz2.GrailsArtefactJob.execute(GrailsArtefactJob.java:59)
	... 2 more
